0 info it worked if it ends with ok
1 verbose cli [ '/usr/local/bin/node', '/usr/local/bin/npm', 'start' ]
2 info using npm@3.10.10
3 info using node@v7.2.1
4 verbose run-script [ 'prestart', 'start', 'poststart' ]
5 info lifecycle alexward-portfolio@0.0.3~prestart: alexward-portfolio@0.0.3
6 silly lifecycle alexward-portfolio@0.0.3~prestart: no script for prestart, continuing
7 info lifecycle alexward-portfolio@0.0.3~start: alexward-portfolio@0.0.3
8 verbose lifecycle alexward-portfolio@0.0.3~start: unsafe-perm in lifecycle true
9 verbose lifecycle alexward-portfolio@0.0.3~start: PATH: /usr/local/lib/node_modules/npm/bin/node-gyp-bin:/Users/alexmac/Dev/portfolio-react/node_modules/.bin:/Users/alexmac/Library/Android/sdk/platform-tools:/Applications/Postgres.app/Contents/Versions/9.5/bin:/Applications/MAMP/bin/php/php5.6.2/bin:/Users/alexmac/bin:/usr/local/bin:/usr/local/bin:/usr/bin:/bin:/usr/sbin:/sbin
10 verbose lifecycle alexward-portfolio@0.0.3~start: CWD: /Users/alexmac/Dev/portfolio-react
11 silly lifecycle alexward-portfolio@0.0.3~start: Args: [ '-c', 'node server.js' ]
12 silly lifecycle alexward-portfolio@0.0.3~start: Returned: code: 1  signal: null
13 info lifecycle alexward-portfolio@0.0.3~start: Failed to exec start script
14 verbose stack Error: alexward-portfolio@0.0.3 start: `node server.js`
14 verbose stack Exit status 1
14 verbose stack     at EventEmitter.<anonymous> (/usr/local/lib/node_modules/npm/lib/utils/lifecycle.js:255:16)
14 verbose stack     at emitTwo (events.js:106:13)
14 verbose stack     at EventEmitter.emit (events.js:191:7)
14 verbose stack     at ChildProcess.<anonymous> (/usr/local/lib/node_modules/npm/lib/utils/spawn.js:40:14)
14 verbose stack     at emitTwo (events.js:106:13)
14 verbose stack     at ChildProcess.emit (events.js:191:7)
14 verbose stack     at maybeClose (internal/child_process.js:885:16)
14 verbose stack     at Process.ChildProcess._handle.onexit (internal/child_process.js:226:5)
15 verbose pkgid alexward-portfolio@0.0.3
16 verbose cwd /Users/alexmac/Dev/portfolio-react
17 error Darwin 16.5.0
18 error argv "/usr/local/bin/node" "/usr/local/bin/npm" "start"
19 error node v7.2.1
20 error npm  v3.10.10
21 error code ELIFECYCLE
22 error alexward-portfolio@0.0.3 start: `node server.js`
22 error Exit status 1
23 error Failed at the alexward-portfolio@0.0.3 start script 'node server.js'.
23 error Make sure you have the latest version of node.js and npm installed.
23 error If you do, this is most likely a problem with the alexward-portfolio package,
23 error not with npm itself.
23 error Tell the author that this fails on your system:
23 error     node server.js
23 error You can get information on how to open an issue for this project with:
23 error     npm bugs alexward-portfolio
23 error Or if that isn't available, you can get their info via:
23 error     npm owner ls alexward-portfolio
23 error There is likely additional logging output above.
24 verbose exit [ 1, true ]
